Mon Mar 25 11:00:50 CST 2019  [debug] AvalonLogSystem initialized using logfile 'E:\JAVA\Á·Ï°\lianxi\.metadata\.plugins\com.genuitec.eclipse.templates\velocity.log'
Mon Mar 25 11:00:50 CST 2019   [info] ************************************************************** 
Mon Mar 25 11:00:50 CST 2019   [info] Starting Jakarta Velocity v1.4
Mon Mar 25 11:00:50 CST 2019   [info] RuntimeInstance initializing.
Mon Mar 25 11:00:50 CST 2019   [info] Default Properties File: org\apache\velocity\runtime\defaults\velocity.properties
Mon Mar 25 11:00:50 CST 2019   [info] Trying to use logger class org.apache.velocity.runtime.log.AvalonLogSystem
Mon Mar 25 11:00:50 CST 2019   [info] Using logger class org.apache.velocity.runtime.log.AvalonLogSystem
Mon Mar 25 11:00:50 CST 2019   [info] Default ResourceManager initializing. (class org.apache.velocity.runtime.resource.ResourceManagerImpl)
Mon Mar 25 11:00:50 CST 2019   [info] Resource Loader Instantiated: com.genuitec.eclipse.templates.internal.PluginResourceLoader
Mon Mar 25 11:00:50 CST 2019   [info] ResourceCache : initialized. (class org.apache.velocity.runtime.resource.ResourceCacheImpl)
Mon Mar 25 11:00:50 CST 2019   [info] Default ResourceManager initialization complete.
Mon Mar 25 11:00:50 CST 2019   [info] Loaded System Directive: org.apache.velocity.runtime.directive.Literal
Mon Mar 25 11:00:50 CST 2019   [info] Loaded System Directive: org.apache.velocity.runtime.directive.Macro
Mon Mar 25 11:00:50 CST 2019   [info] Loaded System Directive: org.apache.velocity.runtime.directive.Parse
Mon Mar 25 11:00:50 CST 2019   [info] Loaded System Directive: org.apache.velocity.runtime.directive.Include
Mon Mar 25 11:00:50 CST 2019   [info] Loaded System Directive: org.apache.velocity.runtime.directive.Foreach
Mon Mar 25 11:00:50 CST 2019   [info] Created: 20 parsers.
Mon Mar 25 11:00:50 CST 2019   [info] Velocimacro : initialization starting.
Mon Mar 25 11:00:50 CST 2019   [info] Velocimacro : adding VMs from VM library template : VM_global_library.vm
Mon Mar 25 11:00:50 CST 2019  [error] ResourceManager : unable to find resource 'VM_global_library.vm' in any resource loader.
Mon Mar 25 11:00:50 CST 2019   [info] Velocimacro : error using  VM library template VM_global_library.vm : org.apache.velocity.exception.ResourceNotFoundException: Unable to find resource 'VM_global_library.vm'
Mon Mar 25 11:00:50 CST 2019   [info] Velocimacro :  VM library template macro registration complete.
Mon Mar 25 11:00:50 CST 2019   [info] Velocimacro : allowInline = true : VMs can be defined inline in templates
Mon Mar 25 11:00:50 CST 2019   [info] Velocimacro : allowInlineToOverride = true : VMs defined inline may replace previous VM definitions
Mon Mar 25 11:00:50 CST 2019   [info] Velocimacro : allowInlineLocal = true : VMs defined inline will be local to their defining template only.
Mon Mar 25 11:00:50 CST 2019   [info] Velocimacro : messages on  : VM system will output logging messages
Mon Mar 25 11:00:50 CST 2019   [info] Velocimacro : autoload off  : VM system will not automatically reload global library macros
Mon Mar 25 11:00:50 CST 2019   [info] Velocimacro : initialization complete.
Mon Mar 25 11:00:50 CST 2019   [info] Velocity successfully started.
Mon Mar 25 11:00:50 CST 2019   [info] ResourceManager : found templates/web.xml.vm with loader com.genuitec.eclipse.templates.internal.PluginResourceLoader
Mon Mar 25 11:00:50 CST 2019   [info] ResourceManager : found /templates/velocity/welcome/Jsp.vtl with loader com.genuitec.eclipse.templates.internal.PluginResourceLoader
